This is pdfTeX, Version 3.1415926-2.3-1.40.12 (TeX Live 2011) (format=pdflatex 2011.7.3)  25 MAR 2014 10:17
entering extended mode
 \write18 enabled.
 file:line:error style messages enabled.
 %&-line parsing enabled.
**arc2.tex
(./arc2.tex
LaTeX2e <2009/09/24>
Babel <v3.8l> and hyphenation patterns for english, dumylang, nohyphenation, ge
rman-x-2009-06-19, ngerman-x-2009-06-19, afrikaans, ancientgreek, ibycus, arabi
c, armenian, basque, bulgarian, catalan, pinyin, coptic, croatian, czech, danis
h, dutch, ukenglish, usenglishmax, esperanto, estonian, ethiopic, farsi, finnis
h, french, galician, german, ngerman, swissgerman, monogreek, greek, hungarian,
 icelandic, assamese, bengali, gujarati, hindi, kannada, malayalam, marathi, or
iya, panjabi, tamil, telugu, indonesian, interlingua, irish, italian, kurmanji,
 lao, latin, latvian, lithuanian, mongolian, mongolianlmc, bokmal, nynorsk, pol
ish, portuguese, romanian, russian, sanskrit, serbian, serbianc, slovak, sloven
ian, spanish, swedish, turkish, turkmen, ukrainian, uppersorbian, welsh, loaded
.
(./mn2e.cls
Document Class: mn2e 2001/02/06 v2.2 LaTeX2e MN document class
Document Style `MN' v2.2, released 2001 February 20
\math@groups=\toks14
LaTeX Font Info:    Overwriting symbol font `symbols' in version `bold'
(Font)                  OMS/cmsy/b/n --> OMS/cmsy/b/n on input line 223.
\symbmisymbols=\mathgroup4
\symUPM=\mathgroup5
LaTeX Font Info:    Overwriting symbol font `UPM' in version `bold'
(Font)                  U/eur/m/n --> U/eur/b/n on input line 260.
\symAMSa=\mathgroup6
\SFB@measure=\dimen102
\realparindent=\skip41
\c@part=\count79
\c@section=\count80
\c@subsection=\count81
\c@subsubsection=\count82
\c@paragraph=\count83
\c@subparagraph=\count84
\@indentskip=\skip42
\smallindent=\skip43
\@footindent=\skip44
\@leftskip=\skip45
\c@dummy=\count85
(/usr/local/texlive/2011/texmf-dist/tex/latex/natbib/natbib.sty
Package: natbib 2010/09/13 8.31b (PWD, AO)
\bibhang=\skip46
\bibsep=\skip47
LaTeX Info: Redefining \cite on input line 694.
\c@NAT@ctr=\count86
)
\c@table=\count87
\c@figure=\count88
\mathindent=\dimen103
)
(/usr/local/texlive/2011/texmf-dist/tex/latex/graphics/graphicx.sty
Package: graphicx 1999/02/16 v1.0f Enhanced LaTeX Graphics (DPC,SPQR)

(/usr/local/texlive/2011/texmf-dist/tex/latex/graphics/keyval.sty
Package: keyval 1999/03/16 v1.13 key=value parser (DPC)
\KV@toks@=\toks15
)
(/usr/local/texlive/2011/texmf-dist/tex/latex/graphics/graphics.sty
Package: graphics 2009/02/05 v1.0o Standard LaTeX Graphics (DPC,SPQR)

(/usr/local/texlive/2011/texmf-dist/tex/latex/graphics/trig.sty
Package: trig 1999/03/16 v1.09 sin cos tan (DPC)
)
(/usr/local/texlive/2011/texmf-dist/tex/latex/latexconfig/graphics.cfg
File: graphics.cfg 2010/04/23 v1.9 graphics configuration of TeX Live
)
Package graphics Info: Driver file: pdftex.def on input line 91.

(/usr/local/texlive/2011/texmf-dist/tex/latex/pdftex-def/pdftex.def
File: pdftex.def 2011/05/27 v0.06d Graphics/color for pdfTeX

(/usr/local/texlive/2011/texmf-dist/tex/generic/oberdiek/infwarerr.sty
Package: infwarerr 2010/04/08 v1.3 Providing info/warning/message (HO)
)
(/usr/local/texlive/2011/texmf-dist/tex/generic/oberdiek/ltxcmds.sty
Package: ltxcmds 2011/04/18 v1.20 LaTeX kernel commands for general use (HO)
)
\Gread@gobject=\count89
))
\Gin@req@height=\dimen104
\Gin@req@width=\dimen105
)
(/usr/local/texlive/2011/texmf-dist/tex/latex/amsmath/amsmath.sty
Package: amsmath 2000/07/18 v2.13 AMS math features
\@mathmargin=\skip48

For additional information on amsmath, use the `?' option.
(/usr/local/texlive/2011/texmf-dist/tex/latex/amsmath/amstext.sty
Package: amstext 2000/06/29 v2.01

(/usr/local/texlive/2011/texmf-dist/tex/latex/amsmath/amsgen.sty
File: amsgen.sty 1999/11/30 v2.0
\@emptytoks=\toks16
\ex@=\dimen106
))
(/usr/local/texlive/2011/texmf-dist/tex/latex/amsmath/amsbsy.sty
Package: amsbsy 1999/11/29 v1.2d
\pmbraise@=\dimen107
)
(/usr/local/texlive/2011/texmf-dist/tex/latex/amsmath/amsopn.sty
Package: amsopn 1999/12/14 v2.01 operator names
)
\inf@bad=\count90
LaTeX Info: Redefining \frac on input line 211.
\uproot@=\count91
\leftroot@=\count92
LaTeX Info: Redefining \overline on input line 307.
\classnum@=\count93
\DOTSCASE@=\count94
LaTeX Info: Redefining \ldots on input line 379.
LaTeX Info: Redefining \dots on input line 382.
LaTeX Info: Redefining \cdots on input line 467.
\Mathstrutbox@=\box26
\strutbox@=\box27
\big@size=\dimen108
LaTeX Font Info:    Redeclaring font encoding OML on input line 567.
LaTeX Font Info:    Redeclaring font encoding OMS on input line 568.
\macc@depth=\count95
\c@MaxMatrixCols=\count96
\dotsspace@=\muskip10
\c@parentequation=\count97
\dspbrk@lvl=\count98
\tag@help=\toks17
\row@=\count99
\column@=\count100
\maxfields@=\count101
\andhelp@=\toks18
\eqnshift@=\dimen109
\alignsep@=\dimen110
\tagshift@=\dimen111
\tagwidth@=\dimen112
\totwidth@=\dimen113
\lineht@=\dimen114
\@envbody=\toks19
\multlinegap=\skip49
\multlinetaggap=\skip50
\mathdisplay@stack=\toks20
LaTeX Info: Redefining \[ on input line 2666.
LaTeX Info: Redefining \] on input line 2667.
)
(/usr/local/texlive/2011/texmf-dist/tex/latex/tools/bm.sty
Package: bm 2004/02/26 v1.1c Bold Symbol Support (DPC/FMi)
\symboldoperators=\mathgroup7
\symboldletters=\mathgroup8
\symboldsymbols=\mathgroup9
\symboldUPM=\mathgroup10
LaTeX Font Info:    Redeclaring math alphabet \mathbf on input line 138.
LaTeX Info: Redefining \bm on input line 204.
)
(/usr/local/texlive/2011/texmf-dist/tex/latex/graphics/color.sty
Package: color 2005/11/14 v1.0j Standard LaTeX Color (DPC)

(/usr/local/texlive/2011/texmf-dist/tex/latex/latexconfig/color.cfg
File: color.cfg 2007/01/18 v1.5 color configuration of teTeX/TeXLive
)
Package color Info: Driver file: pdftex.def on input line 130.
)
(./arc2.aux)
\openout1 = `arc2.aux'.

LaTeX Font Info:    Checking defaults for OML/cmm/m/it on input line 56.
LaTeX Font Info:    ... okay on input line 56.
LaTeX Font Info:    Checking defaults for T1/cmr/m/n on input line 56.
LaTeX Font Info:    ... okay on input line 56.
LaTeX Font Info:    Checking defaults for OT1/cmr/m/n on input line 56.
LaTeX Font Info:    ... okay on input line 56.
LaTeX Font Info:    Checking defaults for OMS/cmsy/m/n on input line 56.
LaTeX Font Info:    ... okay on input line 56.
LaTeX Font Info:    Checking defaults for OMX/cmex/m/n on input line 56.
LaTeX Font Info:    ... okay on input line 56.
LaTeX Font Info:    Checking defaults for U/cmr/m/n on input line 56.
LaTeX Font Info:    ... okay on input line 56.
 (/usr/local/texlive/2011/texmf-dist/tex/context/base/supp-pdf.mkii
[Loading MPS to PDF converter (version 2006.09.02).]
\scratchcounter=\count102
\scratchdimen=\dimen115
\scratchbox=\box28
\nofMPsegments=\count103
\nofMParguments=\count104
\everyMPshowfont=\toks21
\MPscratchCnt=\count105
\MPscratchDim=\dimen116
\MPnumerator=\count106
\makeMPintoPDFobject=\count107
\everyMPtoPDFconversion=\toks22
) (/usr/local/texlive/2011/texmf-dist/tex/generic/oberdiek/pdftexcmds.sty
Package: pdftexcmds 2011/04/22 v0.16 Utilities of pdfTeX for LuaTeX (HO)

(/usr/local/texlive/2011/texmf-dist/tex/generic/oberdiek/ifluatex.sty
Package: ifluatex 2010/03/01 v1.3 Provides the ifluatex switch (HO)
Package ifluatex Info: LuaTeX not detected.
)
(/usr/local/texlive/2011/texmf-dist/tex/generic/oberdiek/ifpdf.sty
Package: ifpdf 2011/01/30 v2.3 Provides the ifpdf switch (HO)
Package ifpdf Info: pdfTeX in PDF mode is detected.
)
Package pdftexcmds Info: LuaTeX not detected.
Package pdftexcmds Info: \pdf@primitive is available.
Package pdftexcmds Info: \pdf@ifprimitive is available.
Package pdftexcmds Info: \pdfdraftmode found.
)
(/usr/local/texlive/2011/texmf-dist/tex/latex/oberdiek/epstopdf-base.sty
Package: epstopdf-base 2010/02/09 v2.5 Base part for package epstopdf

(/usr/local/texlive/2011/texmf-dist/tex/latex/oberdiek/grfext.sty
Package: grfext 2010/08/19 v1.1 Managing graphics extensions (HO)

(/usr/local/texlive/2011/texmf-dist/tex/generic/oberdiek/kvdefinekeys.sty
Package: kvdefinekeys 2011/04/07 v1.3 Defining keys (HO)
))
(/usr/local/texlive/2011/texmf-dist/tex/latex/oberdiek/kvoptions.sty
Package: kvoptions 2010/12/23 v3.10 Keyval support for LaTeX options (HO)

(/usr/local/texlive/2011/texmf-dist/tex/generic/oberdiek/kvsetkeys.sty
Package: kvsetkeys 2011/04/07 v1.13 Key value parser (HO)

(/usr/local/texlive/2011/texmf-dist/tex/generic/oberdiek/etexcmds.sty
Package: etexcmds 2011/02/16 v1.5 Prefix for e-TeX command names (HO)
Package etexcmds Info: Could not find \expanded.
(etexcmds)             That can mean that you are not using pdfTeX 1.50 or
(etexcmds)             that some package has redefined \expanded.
(etexcmds)             In the latter case, load this package earlier.
)))
Package grfext Info: Graphics extension search list:
(grfext)             [.png,.pdf,.jpg,.mps,.jpeg,.jbig2,.jb2,.PNG,.PDF,.JPG,.JPE
G,.JBIG2,.JB2,.eps]
(grfext)             \AppendGraphicsExtensions on input line 452.

(/usr/local/texlive/2011/texmf-dist/tex/latex/latexconfig/epstopdf-sys.cfg
File: epstopdf-sys.cfg 2010/07/13 v1.3 Configuration of (r)epstopdf for TeX Liv
e
))
LaTeX Font Info:    Try loading font information for U+eur on input line 62.

(/usr/local/texlive/2011/texmf-dist/tex/latex/amsfonts/ueur.fd
File: ueur.fd 2009/06/22 v3.00 Euler Roman
)
LaTeX Font Info:    Try loading font information for U+msa on input line 62.

(/usr/local/texlive/2011/texmf-dist/tex/latex/amsfonts/umsa.fd
File: umsa.fd 2009/06/22 v3.00 AMS symbols A
)
Overfull \hbox (1.8531pt too wide) in paragraph at lines 62--62
[][]  
 []


Package natbib Warning: Citation `KeplerInstHandbook' on page 1 undefined on in
put line 118.

<fig1a.png, id=1, 578.16pt x 578.16pt>
File: fig1a.png Graphic file (type png)
 <use fig1a.png>
Package pdftex.def Info: fig1a.png used on input line 149.
(pdftex.def)             Requested size: 246.96277pt x 246.96306pt.

<fig1b.png, id=3, 578.16pt x 578.16pt>
File: fig1b.png Graphic file (type png)
 <use fig1b.png>
Package pdftex.def Info: fig1b.png used on input line 150.
(pdftex.def)             Requested size: 246.96277pt x 246.96306pt.
LaTeX Font Info:    Try loading font information for OMS+cmr on input line 170.


(/usr/local/texlive/2011/texmf-dist/tex/latex/base/omscmr.fd
File: omscmr.fd 1999/05/25 v2.5h Standard LaTeX font definitions
)
LaTeX Font Info:    Font shape `OMS/cmr/m/n' in size <8> not available
(Font)              Font shape `OMS/cmsy/m/n' tried instead on input line 170.
 [1{/usr/local/texlive/2011/texmf-var/fonts/map/pdftex/updmap/pdftex.map}


]
<fig2a.png, id=25, 578.16pt x 650.43pt>
File: fig2a.png Graphic file (type png)
 <use fig2a.png>
Package pdftex.def Info: fig2a.png used on input line 182.
(pdftex.def)             Requested size: 246.96277pt x 277.83344pt.

<fig2b.png, id=26, 578.16pt x 650.43pt>
File: fig2b.png Graphic file (type png)
 <use fig2b.png>
Package pdftex.def Info: fig2b.png used on input line 183.
(pdftex.def)             Requested size: 246.96277pt x 277.83344pt.

Underfull \vbox (badness 10000) has occurred while \output is active []



LaTeX Warning: Reference `fig:ex_pdc_bad' on page 2 undefined on input line 224
.


Package natbib Warning: Citation `bas+10a' on page 2 undefined on input line 24
0.


Package natbib Warning: Citation `bas+10b' on page 2 undefined on input line 24
0.


Underfull \vbox (badness 10000) has occurred while \output is active []

 [2 <./fig1a.png> <./fig1b.png>]
Underfull \vbox (badness 10000) has occurred while \output is active []


Underfull \vbox (badness 10000) has occurred while \output is active []

 [3 <./fig2a.png> <./fig2b.png>]

LaTeX Warning: Reference `fig:comp_sig_ran' on page 4 undefined on input line 3
26.

[4] <q6_mod07_out3_cbv_examples_diff.png, id=45, 578.16pt x 722.7pt>
File: q6_mod07_out3_cbv_examples_diff.png Graphic file (type png)

<use q6_mod07_out3_cbv_examples_diff.png>
Package pdftex.def Info: q6_mod07_out3_cbv_examples_diff.png used on input line
 502.
(pdftex.def)             Requested size: 246.96277pt x 308.70383pt.

<q6_mod07_out3_cbv_examples.png, id=46, 578.16pt x 722.7pt>
File: q6_mod07_out3_cbv_examples.png Graphic file (type png)

<use q6_mod07_out3_cbv_examples.png>
Package pdftex.def Info: q6_mod07_out3_cbv_examples.png used on input line 503.

(pdftex.def)             Requested size: 246.96277pt x 308.70383pt.
 [5]
Underfull \vbox (badness 10000) has occurred while \output is active []


<inject_ex1.png, id=52, 578.16pt x 433.62pt>
File: inject_ex1.png Graphic file (type png)
 <use inject_ex1.png>
Package pdftex.def Info: inject_ex1.png used on input line 619.
(pdftex.def)             Requested size: 241.91785pt x 181.43765pt.

<inject_ex2.png, id=53, 578.16pt x 433.62pt>
File: inject_ex2.png Graphic file (type png)
 <use inject_ex2.png>
Package pdftex.def Info: inject_ex2.png used on input line 620.
(pdftex.def)             Requested size: 241.91785pt x 181.43765pt.
 [6 <./q6_mod07_out3_cbv_examples_diff.png> <./q6_mod07_out3_cbv_examples.png>]

<inject_stat_corr_coeffs.png, id=59, 578.16pt x 433.62pt>
File: inject_stat_corr_coeffs.png Graphic file (type png)

<use inject_stat_corr_coeffs.png>
Package pdftex.def Info: inject_stat_corr_coeffs.png used on input line 642.
(pdftex.def)             Requested size: 123.47754pt x 92.60452pt.

<inject_stat_ranges.png, id=60, 578.16pt x 433.62pt>
File: inject_stat_ranges.png Graphic file (type png)

<use inject_stat_ranges.png>
Package pdftex.def Info: inject_stat_ranges.png used on input line 643.
(pdftex.def)             Requested size: 123.47754pt x 92.60452pt.

<inject_stat_scatt.png, id=61, 578.16pt x 433.62pt>
File: inject_stat_scatt.png Graphic file (type png)

<use inject_stat_scatt.png>
Package pdftex.def Info: inject_stat_scatt.png used on input line 644.
(pdftex.def)             Requested size: 123.47754pt x 92.60452pt.

<inject_stat_freqs.png, id=62, 578.16pt x 433.62pt>
File: inject_stat_freqs.png Graphic file (type png)

<use inject_stat_freqs.png>
Package pdftex.def Info: inject_stat_freqs.png used on input line 645.
(pdftex.def)             Requested size: 123.47754pt x 92.60452pt.


LaTeX Warning: Reference `inject:ex' on page 7 undefined on input line 666.


LaTeX Warning: Reference `inject:stat' on page 7 undefined on input line 681.


Underfull \vbox (badness 10000) has occurred while \output is active []

 [7 <./inject_ex1.png> <./inject_ex2.png>] (./arc2.bbl
Underfull \hbox (badness 1019) in paragraph at lines 57--61
\OT1/cmr/m/n/9 Kolodziejczak J. J., Mc-Cauliff S. D., Mor-ris R. L.,
 []

)

Package natbib Warning: There were undefined citations.

[8 <./inject_stat_corr_coeffs.png> <./inject_stat_ranges.png> <./inject_stat_sc
att.png> <./inject_stat_freqs.png>] (./arc2.aux)

LaTeX Warning: There were undefined references.


LaTeX Warning: Label(s) may have changed. Rerun to get cross-references right.

 ) 
Here is how much of TeX's memory you used:
 2965 strings out of 493633
 38851 string characters out of 3143378
 109967 words of memory out of 3000000
 6187 multiletter control sequences out of 15000+200000
 23371 words of font info for 83 fonts, out of 3000000 for 9000
 831 hyphenation exceptions out of 8191
 38i,15n,34p,749b,308s stack positions out of 5000i,500n,10000p,200000b,50000s
</usr/local/texlive/2011/texmf-dist/fonts/type1/public/amsfonts/cm/cmbx10.pfb
></usr/local/texlive/2011/texmf-dist/fonts/type1/public/amsfonts/cm/cmbx12.pfb>
</usr/local/texlive/2011/texmf-dist/fonts/type1/public/amsfonts/cm/cmbx8.pfb></
usr/local/texlive/2011/texmf-dist/fonts/type1/public/amsfonts/cm/cmbx9.pfb></us
r/local/texlive/2011/texmf-dist/fonts/type1/public/amsfonts/cm/cmcsc10.pfb></us
r/local/texlive/2011/texmf-dist/fonts/type1/public/amsfonts/cmextra/cmex9.pfb><
/usr/local/texlive/2011/texmf-dist/fonts/type1/public/amsfonts/cm/cmmi10.pfb></
usr/local/texlive/2011/texmf-dist/fonts/type1/public/amsfonts/cm/cmmi6.pfb></us
r/local/texlive/2011/texmf-dist/fonts/type1/public/amsfonts/cm/cmmi8.pfb></usr/
local/texlive/2011/texmf-dist/fonts/type1/public/amsfonts/cm/cmmi9.pfb></usr/lo
cal/texlive/2011/texmf-dist/fonts/type1/public/amsfonts/cmextra/cmmib8.pfb></us
r/local/texlive/2011/texmf-dist/fonts/type1/public/amsfonts/cmextra/cmmib9.pfb>
</usr/local/texlive/2011/texmf-dist/fonts/type1/public/amsfonts/cm/cmr10.pfb></
usr/local/texlive/2011/texmf-dist/fonts/type1/public/amsfonts/cm/cmr12.pfb></us
r/local/texlive/2011/texmf-dist/fonts/type1/public/amsfonts/cm/cmr6.pfb></usr/l
ocal/texlive/2011/texmf-dist/fonts/type1/public/amsfonts/cm/cmr8.pfb></usr/loca
l/texlive/2011/texmf-dist/fonts/type1/public/amsfonts/cm/cmr9.pfb></usr/local/t
exlive/2011/texmf-dist/fonts/type1/public/amsfonts/cm/cmsy6.pfb></usr/local/tex
live/2011/texmf-dist/fonts/type1/public/amsfonts/cm/cmsy8.pfb></usr/local/texli
ve/2011/texmf-dist/fonts/type1/public/amsfonts/cm/cmsy9.pfb></usr/local/texlive
/2011/texmf-dist/fonts/type1/public/amsfonts/cm/cmti12.pfb></usr/local/texlive/
2011/texmf-dist/fonts/type1/public/amsfonts/cm/cmti8.pfb></usr/local/texlive/20
11/texmf-dist/fonts/type1/public/amsfonts/cm/cmti9.pfb>
Output written on arc2.pdf (8 pages, 1331586 bytes).
PDF statistics:
 148 PDF objects out of 1000 (max. 8388607)
 90 compressed objects within 1 object stream
 0 named destinations out of 1000 (max. 500000)
 61 words of extra memory for PDF output out of 10000 (max. 10000000)

